<?xml version="1.0" encoding="UTF-8"?>
<testsuite name="CurrencyConvertor.TestSuite1" tests="1" failures="0" errors="0" time="1.14"><properties><property name="soapui.properties" value="soapui.properties"/><property name="java.runtime.name" value="Java(TM) SE Runtime Environment"/><property name="sun.boot.library.path" value="C:\Software\SmartBear\SoapUI-Pro-4.6.1\jre\bin"/><property name="java.vm.version" value="24.0-b56"/><property name="soapui.ext.actions" value="C:\Software\SmartBear\SoapUI-Pro-4.6.1\bin\actions"/><property name="soapui.ext.libraries" value="C:\Software\SmartBear\SoapUI-Pro-4.6.1\bin\ext"/><property name="java.vm.vendor" value="Oracle Corporation"/><property name="java.vendor.url" value="http://java.oracle.com/"/><property name="path.separator" value=";"/><property name="java.vm.name" value="Java HotSpot(TM) Client VM"/><property name="file.encoding.pkg" value="sun.io"/><property name="user.country" value="ES"/><property name="user.script" value=""/><property name="sun.java.launcher" value="SUN_STANDARD"/><property name="sun.os.patch.level" value="Service Pack 1"/><property name="java.vm.specification.name" value="Java Virtual Machine Specification"/><property name="user.dir" value="D:\github\soapUI\soapui-jenkins\default"/><property name="java.runtime.version" value="1.7.0_40-b43"/><property name="java.awt.graphicsenv" value="sun.awt.Win32GraphicsEnvironment"/><property name="java.endorsed.dirs" value="C:\Software\SmartBear\SoapUI-Pro-4.6.1\jre\lib\endorsed"/><property name="os.arch" value="x86"/><property name="java.io.tmpdir" value="C:\Users\cramiro\AppData\Local\Temp\"/><property name="line.separator" value="
"/><property name="java.vm.specification.vendor" value="Oracle Corporation"/><property name="user.variant" value=""/><property name="os.name" value="Windows 7"/><property name="sun.jnu.encoding" value="Cp1252"/><property name="java.library.path" value="C:\Software\SmartBear\SoapUI-Pro-4.6.1\jre\bin;C:\Windows\Sun\Java\bin;C:\Windows\system32;C:\Windows;C:\Program Files (x86)\Java\jdk1.7.0_45/bin;C:\Program Files (x86)\Java\jdk1.7.0_45/bin;c:\Users\cramiro\bin;.;C:\Program Files (x86)\Git\local\bin;C:\Program Files (x86)\Git\mingw\bin;C:\Program Files (x86)\Git\bin;c:\oraclexe\app\oracle\product\11.2.0\server\bin;d:\oracle\product\11.2.0\client_1\bin;c:\Windows\SYSTEM32;c:\Windows;c:\Windows\SYSTEM32\WBEM;c:\Windows\SYSTEM32\WINDOWSPOWERSHELL\V1.0\;c:\PROGRAM FILES\INTEL\DMIX;c:\PROGRAM FILES\INTEL\WIFI\BIN\;c:\PROGRAM FILES\COMMON FILES\INTEL\WIRELESSCOMMON\;c:\PROGRAM FILES (X86)\COMMON FILES\OTG;c:\Program Files\WIDCOMM\Bluetooth Software\;c:\Program Files\WIDCOMM\Bluetooth Software\syswow64;c:\Program Files (x86)\Java\jdk1.6.0_45\bin;c:\Software\apache-jmeter-2.10\bin;d:\virtual-envs-py\pemocks;d:\virtual-envs-py\pemocks\Scripts;c:\Software\apache-maven-3.1.1\bin;."/><property name="soapui.home" value="C:\Software\SmartBear\SoapUI-Pro-4.6.1\bin\"/><property name="sun.awt.enableExtraMouseButtons" value="true"/><property name="java.specification.name" value="Java Platform API Specification"/><property name="java.class.version" value="51.0"/><property name="sun.management.compiler" value="HotSpot Client Compiler"/><property name="os.version" value="6.1"/><property name="user.home" value="C:\Users\cramiro"/><property name="user.timezone" value="Europe/Paris"/><property name="java.awt.printerjob" value="sun.awt.windows.WPrinterJob"/><property name="file.encoding" value="Cp1252"/><property name="java.specification.version" value="1.7"/><property name="java.class.path" value="C:\Software\SmartBear\SoapUI-Pro-4.6.1\bin\soapui-pro-4.6.1.jar;C:\Software\SmartBear\SoapUI-Pro-4.6.1\bin\..\lib\activation-1.1.jar;C:\Software\SmartBear\SoapUI-Pro-4.6.1\bin\..\lib\activeQueryBuilder-activeQueryBuilder.jar;C:\Software\SmartBear\SoapUI-Pro-4.6.1\bin\..\lib\axis-ant-protection.jar;C:\Software\SmartBear\SoapUI-Pro-4.6.1\bin\..\lib\axis-protection.jar;C:\Software\SmartBear\SoapUI-Pro-4.6.1\bin\..\lib\bcmail-jdk14-1.38.jar;C:\Software\SmartBear\SoapUI-Pro-4.6.1\bin\..\lib\bcmail-jdk14-138.jar;C:\Software\SmartBear\SoapUI-Pro-4.6.1\bin\..\lib\bcprov-jdk14-1.38.jar;C:\Software\SmartBear\SoapUI-Pro-4.6.1\bin\..\lib\bcprov-jdk14-138.jar;C:\Software\SmartBear\SoapUI-Pro-4.6.1\bin\..\lib\bcprov-jdk15-144.jar;C:\Software\SmartBear\SoapUI-Pro-4.6.1\bin\..\lib\bctsp-jdk14-1.38.jar;C:\Software\SmartBear\SoapUI-Pro-4.6.1\bin\..\lib\binding-2.0.1.jar;C:\Software\SmartBear\SoapUI-Pro-4.6.1\bin\..\lib\cajo-1.142.jar;C:\Software\SmartBear\SoapUI-Pro-4.6.1\bin\..\lib\comfyj-2.9.jar;C:\Software\SmartBear\SoapUI-Pro-4.6.1\bin\..\lib\commons-beanutils-1.7.0.jar;C:\Software\SmartBear\SoapUI-Pro-4.6.1\bin\..\lib\commons-cli-1.0.jar;C:\Software\SmartBear\SoapUI-Pro-4.6.1\bin\..\lib\commons-codec-1.3.jar;C:\Software\SmartBear\SoapUI-Pro-4.6.1\bin\..\lib\commons-collections-3.2.1.jar;C:\Software\SmartBear\SoapUI-Pro-4.6.1\bin\..\lib\commons-digester-1.7.jar;C:\Software\SmartBear\SoapUI-Pro-4.6.1\bin\..\lib\commons-discovery-0.2.jar;C:\Software\SmartBear\SoapUI-Pro-4.6.1\bin\..\lib\commons-httpclient-3.1.jar;C:\Software\SmartBear\SoapUI-Pro-4.6.1\bin\..\lib\commons-io-1.3.2.jar;C:\Software\SmartBear\SoapUI-Pro-4.6.1\bin\..\lib\commons-lang-2.4.jar;C:\Software\SmartBear\SoapUI-Pro-4.6.1\bin\..\lib\commons-logging-1.1.1.jar;C:\Software\SmartBear\SoapUI-Pro-4.6.1\bin\..\lib\cssparser-0.9.5.jar;C:\Software\SmartBear\SoapUI-Pro-4.6.1\bin\..\lib\dom4j-1.6.1.jar;C:\Software\SmartBear\SoapUI-Pro-4.6.1\bin\..\lib\downloader-1.0-SNAPSHOT.jar;C:\Software\SmartBear\SoapUI-Pro-4.6.1\bin\..\lib\engine-gecko-3.3.jar;C:\Software\SmartBear\SoapUI-Pro-4.6.1\bin\..\lib\engine-gecko15-3.3.jar;C:\Software\SmartBear\SoapUI-Pro-4.6.1\bin\..\lib\engine-ie-3.3.jar;C:\Software\SmartBear\SoapUI-Pro-4.6.1\bin\..\lib\engine-webkit-3.3.jar;C:\Software\SmartBear\SoapUI-Pro-4.6.1\bin\..\lib\ezmorph-1.0.5.jar;C:\Software\SmartBear\SoapUI-Pro-4.6.1\bin\..\lib\flex-messaging-common-1.0.jar;C:\Software\SmartBear\SoapUI-Pro-4.6.1\bin\..\lib\flex-messaging-core-1.0.jar;C:\Software\SmartBear\SoapUI-Pro-4.6.1\bin\..\lib\flex-messaging-opt-1.0.jar;C:\Software\SmartBear\SoapUI-Pro-4.6.1\bin\..\lib\flex-messaging-proxy-1.0.jar;C:\Software\SmartBear\SoapUI-Pro-4.6.1\bin\..\lib\flex-messaging-remoting-1.0.jar;C:\Software\SmartBear\SoapUI-Pro-4.6.1\bin\..\lib\forms-1.0.7.jar;C:\Software\SmartBear\SoapUI-Pro-4.6.1\bin\..\lib\groovy-all-1.8.0.jar;C:\Software\SmartBear\SoapUI-Pro-4.6.1\bin\..\lib\guava-14.0.jar;C:\Software\SmartBear\SoapUI-Pro-4.6.1\bin\..\lib\hamcrest-core-1.1.jar;C:\Software\SmartBear\SoapUI-Pro-4.6.1\bin\..\lib\hermes-1.14.jar;C:\Software\SmartBear\SoapUI-Pro-4.6.1\bin\..\lib\htmlunit-2.7.jar;C:\Software\SmartBear\SoapUI-Pro-4.6.1\bin\..\lib\htmlunit-core-js-2.7.jar;C:\Software\SmartBear\SoapUI-Pro-4.6.1\bin\..\lib\httpclient-4.1.1.jar;C:\Software\SmartBear\SoapUI-Pro-4.6.1\bin\..\lib\httpclient-cache-4.1.1.jar;C:\Software\SmartBear\SoapUI-Pro-4.6.1\bin\..\lib\httpcore-4.1.1.jar;C:\Software\SmartBear\SoapUI-Pro-4.6.1\bin\..\lib\httpcore-nio-4.1.1.jar;C:\Software\SmartBear\SoapUI-Pro-4.6.1\bin\..\lib\httpmime-4.1.1.jar;C:\Software\SmartBear\SoapUI-Pro-4.6.1\bin\..\lib\idw-1.6.1.jar;C:\Software\SmartBear\SoapUI-Pro-4.6.1\bin\..\lib\itext-2.1.7.jar;C:\Software\SmartBear\SoapUI-Pro-4.6.1\bin\..\lib\jasperreports-4.0.2.jar;C:\Software\SmartBear\SoapUI-Pro-4.6.1\bin\..\lib\jaxen-1.1-beta-8.jar;C:\Software\SmartBear\SoapUI-Pro-4.6.1\bin\..\lib\jaxrpc-protection.jar;C:\Software\SmartBear\SoapUI-Pro-4.6.1\bin\..\lib\jcalendar-1.3.2.jar;C:\Software\SmartBear\SoapUI-Pro-4.6.1\bin\..\lib\jcifs-1.2.9.jar;C:\Software\SmartBear\SoapUI-Pro-4.6.1\bin\..\lib\jcommon-1.0.15.jar;C:\Software\SmartBear\SoapUI-Pro-4.6.1\bin\..\lib\jdom-1.0.jar;C:\Software\SmartBear\SoapUI-Pro-4.6.1\bin\..\lib\jdtcore-3.1.0.jar;C:\Software\SmartBear\SoapUI-Pro-4.6.1\bin\..\lib\jetty-6.1.26.jar;C:\Software\SmartBear\SoapUI-Pro-4.6.1\bin\..\lib\jetty-util-6.1.26.jar;C:\Software\SmartBear\SoapUI-Pro-4.6.1\bin\..\lib\jfreechart-1.0.12.jar;C:\Software\SmartBear\SoapUI-Pro-4.6.1\bin\..\lib\jhall-protection.jar;C:\Software\SmartBear\SoapUI-Pro-4.6.1\bin\..\lib\jms-1.1.jar;C:\Software\SmartBear\SoapUI-Pro-4.6.1\bin\..\lib\jniwrap-3.8.4.jar;C:\Software\SmartBear\SoapUI-Pro-4.6.1\bin\..\lib\joda-time-1.6.2.jar;C:\Software\SmartBear\SoapUI-Pro-4.6.1\bin\..\lib\js-1.7R2.jar;C:\Software\SmartBear\SoapUI-Pro-4.6.1\bin\..\lib\json-lib-2.2.2-jdk15.jar;C:\Software\SmartBear\SoapUI-Pro-4.6.1\bin\..\lib\jsr173_api-1.0.jar;C:\Software\SmartBear\SoapUI-Pro-4.6.1\bin\..\lib\jtidy-r872-jdk15.jar;C:\Software\SmartBear\SoapUI-Pro-4.6.1\bin\..\lib\jug-protection.jar;C:\Software\SmartBear\SoapUI-Pro-4.6.1\bin\..\lib\junit-4.10.jar;C:\Software\SmartBear\SoapUI-Pro-4.6.1\bin\..\lib\jxbrowser-3.3.jar;C:\Software\SmartBear\SoapUI-Pro-4.6.1\bin\..\lib\jxl-2.6.12.jar;C:\Software\SmartBear\SoapUI-Pro-4.6.1\bin\..\lib\l2fprod-common-directorychooser-7.3.jar;C:\Software\SmartBear\SoapUI-Pro-4.6.1\bin\..\lib\l2fprod-common-fontchooser-7.3.jar;C:\Software\SmartBear\SoapUI-Pro-4.6.1\bin\..\lib\license4j-1.3.jar;C:\Software\SmartBear\SoapUI-Pro-4.6.1\bin\..\lib\log4j-1.2.14.jar;C:\Software\SmartBear\SoapUI-Pro-4.6.1\bin\..\lib\looks-2.2.0.jar;C:\Software\SmartBear\SoapUI-Pro-4.6.1\bin\..\lib\mail-1.4.jar;C:\Software\SmartBear\SoapUI-Pro-4.6.1\bin\..\lib\maven-plugin-api-2.0.jar;C:\Software\SmartBear\SoapUI-Pro-4.6.1\bin\..\lib\MozillaInterfaces-3.0.jar;C:\Software\SmartBear\SoapUI-Pro-4.6.1\bin\..\lib\nekohtml-1.9.14.jar;C:\Software\SmartBear\SoapUI-Pro-4.6.1\bin\..\lib\netcomponents-1.3.8a.jar;C:\Software\SmartBear\SoapUI-Pro-4.6.1\bin\..\lib\not-yet-commons-ssl-0.3.11.jar;C:\Software\SmartBear\SoapUI-Pro-4.6.1\bin\..\lib\opencsv-1.8.jar;C:\Software\SmartBear\SoapUI-Pro-4.6.1\bin\..\lib\opensaml-2.4.1.jar;C:\Software\SmartBear\SoapUI-Pro-4.6.1\bin\..\lib\openws-1.4.1.jar;C:\Software\SmartBear\SoapUI-Pro-4.6.1\bin\..\lib\Protection-4.6.jar;C:\Software\SmartBear\SoapUI-Pro-4.6.1\bin\..\lib\ProtectionHelp-4.6.jar;C:\Software\SmartBear\SoapUI-Pro-4.6.1\bin\..\lib\ProtectionPriv-4.6.jar;C:\Software\SmartBear\SoapUI-Pro-4.6.1\bin\..\lib\reports-1.0.jar;C:\Software\SmartBear\SoapUI-Pro-4.6.1\bin\..\lib\rsyntaxtextarea-2.0.1.jar;C:\Software\SmartBear\SoapUI-Pro-4.6.1\bin\..\lib\sac-1.3.jar;C:\Software\SmartBear\SoapUI-Pro-4.6.1\bin\..\lib\saxon-9.1.0.8j.jar;C:\Software\SmartBear\SoapUI-Pro-4.6.1\bin\..\lib\saxon-dom-9.1.0.8j.jar;C:\Software\SmartBear\SoapUI-Pro-4.6.1\bin\..\lib\serializer-2.7.1.jar;C:\Software\SmartBear\SoapUI-Pro-4.6.1\bin\..\lib\servlet-api-2.5-20081211.jar;C:\Software\SmartBear\SoapUI-Pro-4.6.1\bin\..\lib\slf4j-api-1.6.1.jar;C:\Software\SmartBear\SoapUI-Pro-4.6.1\bin\..\lib\soapui-4.6.1.jar;C:\Software\SmartBear\SoapUI-Pro-4.6.1\bin\..\lib\swingx-soapui.jar;C:\Software\SmartBear\SoapUI-Pro-4.6.1\bin\..\lib\winpack-3.8.3.jar;C:\Software\SmartBear\SoapUI-Pro-4.6.1\bin\..\lib\ws-commons-util-1.0.2.jar;C:\Software\SmartBear\SoapUI-Pro-4.6.1\bin\..\lib\wsdl4j-1.6.2-fixed.jar;C:\Software\SmartBear\SoapUI-Pro-4.6.1\bin\..\lib\wss4j-1.6.2.jar;C:\Software\SmartBear\SoapUI-Pro-4.6.1\bin\..\lib\xalan-2.7.1.jar;C:\Software\SmartBear\SoapUI-Pro-4.6.1\bin\..\lib\xbean-fixed-2.4.0.jar;C:\Software\SmartBear\SoapUI-Pro-4.6.1\bin\..\lib\xbean_xpath-2.4.0.jar;C:\Software\SmartBear\SoapUI-Pro-4.6.1\bin\..\lib\xercesImpl-2.9.1.jar;C:\Software\SmartBear\SoapUI-Pro-4.6.1\bin\..\lib\xml-apis-1.0.b2.jar;C:\Software\SmartBear\SoapUI-Pro-4.6.1\bin\..\lib\xml-apis-2.9.1.jar;C:\Software\SmartBear\SoapUI-Pro-4.6.1\bin\..\lib\xmlParserAPIs-2.6.2.jar;C:\Software\SmartBear\SoapUI-Pro-4.6.1\bin\..\lib\xmlpublic-2.4.0.jar;C:\Software\SmartBear\SoapUI-Pro-4.6.1\bin\..\lib\xmlsec-1.4.5.jar;C:\Software\SmartBear\SoapUI-Pro-4.6.1\bin\..\lib\xmltooling-1.3.1.jar;C:\Software\SmartBear\SoapUI-Pro-4.6.1\bin\..\lib\xmlunit-1.2.jar;C:\Software\SmartBear\SoapUI-Pro-4.6.1\bin\..\lib\xom-1.1.jar;C:\Software\SmartBear\SoapUI-Pro-4.6.1\bin\..\lib\xstream-1.3.1.jar;C:\Software\SmartBear\SoapUI-Pro-4.6.1\bin\..\lib\xulrunner-windows-3.3.jar;C:\Software\SmartBear\SoapUI-Pro-4.6.1\bin\..\lib\xulrunner15-windows-3.3.jar;"/><property name="user.name" value="cramiro"/><property name="soapui.ext.listeners" value="C:\Software\SmartBear\SoapUI-Pro-4.6.1\bin\listeners"/><property name="java.vm.specification.version" value="1.7"/><property name="sun.java.command" value="com.eviware.soapui.SoapUIProTestCaseRunner -sTestSuite1 -E test-pass -j -f d:\github\soapUI\soapui-jenkins\html d:\github\soapUI\soapui-jenkins\CurrencyConvertor-mock.jenkins.xml"/><property name="java.home" value="C:\Software\SmartBear\SoapUI-Pro-4.6.1\jre"/><property name="sun.arch.data.model" value="32"/><property name="groovy.source.encoding" value="iso-8859-1"/><property name="user.language" value="es"/><property name="java.specification.vendor" value="Oracle Corporation"/><property name="awt.toolkit" value="sun.awt.windows.WToolkit"/><property name="java.vm.info" value="mixed mode"/><property name="java.version" value="1.7.0_40"/><property name="java.ext.dirs" value="C:\Software\SmartBear\SoapUI-Pro-4.6.1\jre\lib\ext;C:\Windows\Sun\Java\lib\ext"/><property name="sun.boot.class.path" value="C:\Software\SmartBear\SoapUI-Pro-4.6.1\jre\lib\resources.jar;C:\Software\SmartBear\SoapUI-Pro-4.6.1\jre\lib\rt.jar;C:\Software\SmartBear\SoapUI-Pro-4.6.1\jre\lib\sunrsasign.jar;C:\Software\SmartBear\SoapUI-Pro-4.6.1\jre\lib\jsse.jar;C:\Software\SmartBear\SoapUI-Pro-4.6.1\jre\lib\jce.jar;C:\Software\SmartBear\SoapUI-Pro-4.6.1\jre\lib\charsets.jar;C:\Software\SmartBear\SoapUI-Pro-4.6.1\jre\lib\jfr.jar;C:\Software\SmartBear\SoapUI-Pro-4.6.1\jre\classes"/><property name="java.vendor" value="Oracle Corporation"/><property name="file.separator" value="\"/><property name="java.vendor.url.bug" value="http://bugreport.sun.com/bugreport/"/><property name="sun.io.unicode.encoding" value="UnicodeLittle"/><property name="sun.cpu.endian" value="little"/><property name="sun.desktop" value="windows"/><property name="sun.cpu.isalist" value="pentium_pro+mmx pentium_pro pentium+mmx pentium i486 i386 i86"/></properties><testcase name="TestCase 1" time="1.14"/></testsuite>